  Main.cpp
d:\work\projects\soul eater v1.6\soul eater v1.6\main.cpp(113): warning C4244: 'argument': conversion from 'time_t' to 'unsigned int', possible loss of data
d:\work\projects\soul eater v1.6\soul eater v1.6\main.cpp(172): warning C4244: '=': conversion from 'int' to 'float', possible loss of data
d:\work\projects\soul eater v1.6\soul eater v1.6\main.cpp(281): warning C4244: 'argument': conversion from 'unsigned short' to 'sf::Uint8', possible loss of data
d:\work\projects\soul eater v1.6\soul eater v1.6\main.cpp(282): warning C4244: 'argument': conversion from 'unsigned short' to 'sf::Uint8', possible loss of data
d:\work\projects\soul eater v1.6\soul eater v1.6\main.cpp(283): warning C4244: 'argument': conversion from 'unsigned short' to 'sf::Uint8', possible loss of data
d:\work\projects\soul eater v1.6\soul eater v1.6\main.cpp(339): warning C4018: '<': signed/unsigned mismatch
d:\work\projects\soul eater v1.6\soul eater v1.6\main.cpp(354): warning C4018: '<': signed/unsigned mismatch
d:\work\projects\soul eater v1.6\soul eater v1.6\main.cpp(369): warning C4018: '<': signed/unsigned mismatch
d:\work\projects\soul eater v1.6\soul eater v1.6\main.cpp(385): warning C4018: '<': signed/unsigned mismatch
d:\work\projects\soul eater v1.6\soul eater v1.6\main.cpp(411): warning C4244: 'argument': conversion from 'unsigned short' to 'sf::Uint8', possible loss of data
d:\work\projects\soul eater v1.6\soul eater v1.6\main.cpp(412): warning C4244: 'argument': conversion from 'unsigned short' to 'sf::Uint8', possible loss of data
d:\work\projects\soul eater v1.6\soul eater v1.6\main.cpp(484): warning C4018: '<': signed/unsigned mismatch
d:\work\projects\soul eater v1.6\soul eater v1.6\main.cpp(499): warning C4018: '<': signed/unsigned mismatch
d:\work\projects\soul eater v1.6\soul eater v1.6\main.cpp(514): warning C4018: '<': signed/unsigned mismatch
d:\work\projects\soul eater v1.6\soul eater v1.6\main.cpp(530): warning C4018: '<': signed/unsigned mismatch
d:\work\projects\soul eater v1.6\soul eater v1.6\main.cpp(549): warning C4244: 'argument': conversion from 'unsigned short' to 'sf::Uint8', possible loss of data
d:\work\projects\soul eater v1.6\soul eater v1.6\main.cpp(684): warning C4244: 'argument': conversion from 'unsigned short' to 'sf::Uint8', possible loss of data
d:\work\projects\soul eater v1.6\soul eater v1.6\main.cpp(690): warning C4244: 'argument': conversion from 'unsigned short' to 'sf::Uint8', possible loss of data
d:\work\projects\soul eater v1.6\soul eater v1.6\main.cpp(754): warning C4244: 'argument': conversion from 'unsigned short' to 'sf::Uint8', possible loss of data
d:\work\projects\soul eater v1.6\soul eater v1.6\main.cpp(760): warning C4244: 'argument': conversion from 'unsigned short' to 'sf::Uint8', possible loss of data
d:\work\projects\soul eater v1.6\soul eater v1.6\main.cpp(946): warning C4244: 'argument': conversion from 'unsigned short' to 'sf::Uint8', possible loss of data
d:\work\projects\soul eater v1.6\soul eater v1.6\main.cpp(952): warning C4244: 'argument': conversion from 'unsigned short' to 'sf::Uint8', possible loss of data
d:\work\projects\soul eater v1.6\soul eater v1.6\main.cpp(959): warning C4244: 'argument': conversion from 'unsigned short' to 'sf::Uint8', possible loss of data
d:\work\projects\soul eater v1.6\soul eater v1.6\main.cpp(1022): warning C4244: 'argument': conversion from 'unsigned short' to 'sf::Uint8', possible loss of data
d:\work\projects\soul eater v1.6\soul eater v1.6\main.cpp(1023): warning C4244: 'argument': conversion from 'unsigned short' to 'sf::Uint8', possible loss of data
d:\work\projects\soul eater v1.6\soul eater v1.6\main.cpp(1024): warning C4244: 'argument': conversion from 'unsigned short' to 'sf::Uint8', possible loss of data
d:\work\projects\soul eater v1.6\soul eater v1.6\main.cpp(1341): warning C4018: '<': signed/unsigned mismatch
d:\work\projects\soul eater v1.6\soul eater v1.6\main.cpp(1393): warning C4018: '<': signed/unsigned mismatch
d:\work\projects\soul eater v1.6\soul eater v1.6\main.cpp(1452): warning C4018: '<': signed/unsigned mismatch
d:\work\projects\soul eater v1.6\soul eater v1.6\main.cpp(1483): warning C4244: 'argument': conversion from 'unsigned short' to 'sf::Uint8', possible loss of data
d:\work\projects\soul eater v1.6\soul eater v1.6\main.cpp(1507): warning C4244: 'argument': conversion from 'unsigned short' to 'sf::Uint8', possible loss of data
d:\work\projects\soul eater v1.6\soul eater v1.6\main.cpp(1549): warning C4018: '<': signed/unsigned mismatch
d:\work\projects\soul eater v1.6\soul eater v1.6\main.cpp(1677): warning C4244: '=': conversion from 'float' to 'int', possible loss of data
d:\work\projects\soul eater v1.6\soul eater v1.6\main.cpp(1678): warning C4244: '=': conversion from 'float' to 'int', possible loss of data
d:\work\projects\soul eater v1.6\soul eater v1.6\main.cpp(1922): warning C4244: 'argument': conversion from 'unsigned int' to 'float', possible loss of data
d:\work\projects\soul eater v1.6\soul eater v1.6\main.cpp(2046): warning C4018: '<': signed/unsigned mismatch
d:\work\projects\soul eater v1.6\soul eater v1.6\main.cpp(2048): warning C4018: '<': signed/unsigned mismatch
d:\work\projects\soul eater v1.6\soul eater v1.6\main.cpp(2065): warning C4244: '-=': conversion from 'float' to 'int', possible loss of data
d:\work\projects\soul eater v1.6\soul eater v1.6\main.cpp(2138): warning C4018: '<': signed/unsigned mismatch
d:\work\projects\soul eater v1.6\soul eater v1.6\main.cpp(2140): warning C4018: '<': signed/unsigned mismatch
d:\work\projects\soul eater v1.6\soul eater v1.6\main.cpp(2157): warning C4244: '-=': conversion from 'float' to 'int', possible loss of data
d:\work\projects\soul eater v1.6\soul eater v1.6\main.cpp(2215): warning C4018: '<': signed/unsigned mismatch
d:\work\projects\soul eater v1.6\soul eater v1.6\main.cpp(2217): warning C4018: '<': signed/unsigned mismatch
d:\work\projects\soul eater v1.6\soul eater v1.6\main.cpp(2234): warning C4244: '-=': conversion from 'float' to 'int', possible loss of data
d:\work\projects\soul eater v1.6\soul eater v1.6\main.cpp(2344): warning C4018: '<': signed/unsigned mismatch
d:\work\projects\soul eater v1.6\soul eater v1.6\main.cpp(2346): warning C4018: '<': signed/unsigned mismatch
d:\work\projects\soul eater v1.6\soul eater v1.6\main.cpp(2395): warning C4244: '-=': conversion from 'float' to 'int', possible loss of data
d:\work\projects\soul eater v1.6\soul eater v1.6\main.cpp(2473): warning C4244: '-=': conversion from 'float' to 'int', possible loss of data
d:\work\projects\soul eater v1.6\soul eater v1.6\main.cpp(2513): warning C4244: '-=': conversion from 'float' to 'int', possible loss of data
d:\work\projects\soul eater v1.6\soul eater v1.6\main.cpp(2525): warning C4244: '-=': conversion from 'float' to 'int', possible loss of data
  Soul Eater v1.6.vcxproj -> D:\work\Projects\Soul Eater v1.6\Debug\Soul Eater v1.6.exe
